<?xml version="1.0" encoding="UTF-8"?>
<testng-results ignored="0" total="3" passed="3" failed="0" skipped="0">
  <reporter-output>
  </reporter-output>
  <suite started-at="2022-07-19T10:09:31 IST" name="Phoenix" finished-at="2022-07-19T10:10:10 IST" duration-ms="39516">
    <groups>
    </groups>
    <test started-at="2022-07-19T10:09:31 IST" name="Test" finished-at="2022-07-19T10:10:10 IST" duration-ms="39516">
      <class name="phoenixtesting.Login_Test">
        <test-method signature="setupApp()[pri:1, instance:phoenixtesting.Login_Test@d737b89]" started-at="2022-07-19T10:09:31 IST" name="setupApp" finished-at="2022-07-19T10:09:45 IST" duration-ms="14417" status="PASS">
          <reporter-output>
          </reporter-output>
        </test-method> <!-- setupApp -->
        <test-method signature="GetAppLaunch()[pri:2, instance:phoenixtesting.Login_Test@d737b89]" started-at="2022-07-19T10:09:45 IST" name="GetAppLaunch" finished-at="2022-07-19T10:10:03 IST" duration-ms="17569" status="PASS">
          <reporter-output>
          </reporter-output>
        </test-method> <!-- GetAppLaunch -->
        <test-method signature="verifyOtp()[pri:3, instance:phoenixtesting.Login_Test@d737b89]" started-at="2022-07-19T10:10:03 IST" name="verifyOtp" finished-at="2022-07-19T10:10:10 IST" duration-ms="7488" status="PASS">
          <reporter-output>
          </reporter-output>
        </test-method> <!-- verifyOtp -->
      </class> <!-- phoenixtesting.Login_Test -->
    </test> <!-- Test -->
  </suite> <!-- Phoenix -->
</testng-results>
