<?xml version="1.0" encoding="UTF-8"?>
<!-- Generated by org.testng.reporters.JUnitXMLReporter -->
<testsuite ignored="0" hostname="LAPTOP-DBNJDIUQ" failures="0" tests="3" name="LoginApp" time="31.587" errors="0" timestamp="2022-06-16T12:09:15 IST">
  <testcase classname="testcases.Login_Test" name="setupApp" time="7.785"/>
  <testcase classname="testcases.Login_Test" name="GetAppLaunch" time="16.433"/>
  <testcase classname="testcases.Login_Test" name="verifyOtp" time="7.321"/>
</testsuite> <!-- LoginApp -->
