<?xml version="1.0" encoding="UTF-8"?>
<!-- Generated by org.testng.reporters.JUnitXMLReporter -->
<testsuite ignored="0" hostname="LAPTOP-DBNJDIUQ" failures="0" tests="3" name="LoginPage" time="39.166" errors="0" timestamp="2022-07-18T16:47:05 IST">
  <testcase classname="phoenixtesting.Login_Test" name="setupApp" time="11.629"/>
  <testcase classname="phoenixtesting.Login_Test" name="GetAppLaunch" time="20.141"/>
  <testcase classname="phoenixtesting.Login_Test" name="verifyOtp" time="7.363"/>
</testsuite> <!-- LoginPage -->
