<?xml version="1.0" encoding="UTF-8"?>
<!-- Generated by org.testng.reporters.JUnitXMLReporter -->
<testsuite ignored="0" hostname="LAPTOP-DBNJDIUQ" failures="0" tests="5" name="MallFeedPage" time="32.307" errors="0" timestamp="2022-07-18T16:57:02 IST">
  <testcase classname="phoenixtesting.MallFeed_Test" name="clickOnMallFeed" time="7.999"/>
  <testcase classname="phoenixtesting.MallFeed_Test" name="createNewVisit" time="8.037"/>
  <testcase classname="phoenixtesting.MallFeed_Test" name="viewSavedVisit" time="5.031"/>
  <testcase classname="phoenixtesting.MallFeed_Test" name="clickOnNavigateBtn" time="6.011"/>
  <testcase classname="phoenixtesting.MallFeed_Test" name="exitOnMallFeed" time="5.221"/>
</testsuite> <!-- MallFeedPage -->
