<?xml version="1.0" encoding="UTF-8"?>
<!-- Generated by org.testng.reporters.JUnitXMLReporter -->
<testsuite ignored="0" hostname="LAPTOP-DBNJDIUQ" failures="0" tests="5" name="OffersPage" time="16.505" errors="0" timestamp="2022-07-18T16:57:57 IST">
  <testcase classname="phoenixtesting.Offers_Test" name="clickonOffers" time="5.703"/>
  <testcase classname="phoenixtesting.Offers_Test" name="clickonRewards" time="2.791"/>
  <testcase classname="phoenixtesting.Offers_Test" name="viewyourRewards" time="1.154"/>
  <testcase classname="phoenixtesting.Offers_Test" name="viewyourcoupens" time="2.931"/>
  <testcase classname="phoenixtesting.Offers_Test" name="exitoffers" time="3.917"/>
</testsuite> <!-- OffersPage -->
