<?xml version="1.0" encoding="UTF-8"?>
<!-- Generated by org.testng.reporters.JUnitXMLReporter -->
<testsuite ignored="0" hostname="LAPTOP-DBNJDIUQ" failures="0" tests="6" name="ProfilePage" time="27.348" errors="0" timestamp="2022-07-18T16:47:32 IST">
  <testcase classname="phoenixtesting.Profile_Test" name="editprofilesectionName" time="8.974"/>
  <testcase classname="phoenixtesting.Profile_Test" name="editprofilesectionMail" time="5.326"/>
  <testcase classname="phoenixtesting.Profile_Test" name="selectgender" time="2.686"/>
  <testcase classname="phoenixtesting.Profile_Test" name="Scroll" time="3.782"/>
  <testcase classname="phoenixtesting.Profile_Test" name="SaveBirthDayDate" time="2.28"/>
  <testcase classname="phoenixtesting.Profile_Test" name="SaveAniversayDate" time="4.284"/>
</testsuite> <!-- ProfilePage -->
