<?xml version="1.0" encoding="UTF-8"?>
<!-- Generated by org.testng.reporters.JUnitXMLReporter -->
<testsuite ignored="0" hostname="LAPTOP-DBNJDIUQ" failures="0" tests="3" name="Test" time="39.516" errors="0" timestamp="2022-07-19T10:10:10 IST">
  <testcase classname="phoenixtesting.Login_Test" name="setupApp" time="14.417"/>
  <testcase classname="phoenixtesting.Login_Test" name="GetAppLaunch" time="17.569"/>
  <testcase classname="phoenixtesting.Login_Test" name="verifyOtp" time="7.488"/>
</testsuite> <!-- Test -->
